{
  "stats": {
    "suites": 12,
    "tests": 41,
    "passes": 0,
    "pending": 0,
    "failures": 41,
    "start": "2021-12-09T18:51:33.886Z",
    "end": "2021-12-09T18:54:29.928Z",
    "duration": 176042,
    "testsRegistered": 41,
    "passPercent": 0,
    "pendingPercent": 0,
    "other": 0,
    "hasOther": false,
    "skipped": 0,
    "hasSkipped": false
  },
  "results": [
    {
      "uuid": "3a04082b-a331-4ba0-a1ee-1b5b95f08134",
      "title": "",
      "fullFile": "cypress/integration/project.spec.js",
      "file": "cypress/integration/project.spec.js",
      "beforeHooks": [],
      "afterHooks": [],
      "tests": [],
      "suites": [
        {
          "uuid": "6b7163a9-79a0-4dce-bcb3-0daada316830",
          "title": "1 - Adicione à página o título \"Paleta de Cores\".",
          "fullFile": "",
          "file": "",
          "beforeHooks": [],
          "afterHooks": [],
          "tests": [
            {
              "title": "Verifica se contém um elemento `h1` com o id `title` com o título correto",
              "fullTitle": "1 - Adicione à página o título \"Paleta de Cores\". Verifica se contém um elemento `h1` com o id `title` com o título correto",
              "timedOut": null,
              "duration": 4296,
              "state": "failed",
              "speed": null,
              "pass": false,
              "fail": true,
              "pending": false,
              "context": null,
              "code": "cy.get('h1#title').should('contain.text', 'Paleta de Cores');",
              "err": {
                "message": "CypressError: Timed out retrying: Expected to find element: 'h1#title', but never found it.",
                "estack": "CypressError: Timed out retrying: Expected to find element: 'h1#title', but never found it.\n    at cypressErr (http://localhost:34461/__cypress/runner/cypress_runner.js:149934:9)\n    at throwErr (http://localhost:34461/__cypress/runner/cypress_runner.js:149867:11)\n    at Object.throwErrByPath (http://localhost:34461/__cypress/runner/cypress_runner.js:149915:3)\n    at retry (http://localhost:34461/__cypress/runner/cypress_runner.js:144197:19)\n    at onFailFn (http://localhost:34461/__cypress/runner/cypress_runner.js:132448:16)\n    at tryCatcher (http://localhost:34461/__cypress/runner/cypress_runner.js:167415:23)\n    at Promise._settlePromiseFromHandler (http://localhost:34461/__cypress/runner/cypress_runner.js:165351:31)\n    at Promise._settlePromise (http://localhost:34461/__cypress/runner/cypress_runner.js:165408:18)\n    at Promise._settlePromise0 (http://localhost:34461/__cypress/runner/cypress_runner.js:165453:10)\n    at Promise._settlePromises (http://localhost:34461/__cypress/runner/cypress_runner.js:165528:18)\n    at Async../node_modules/bluebird/js/release/async.js.Async._drainQueue (http://localhost:34461/__cypress/runner/cypress_runner.js:162140:16)\n    at Async../node_modules/bluebird/js/release/async.js.Async._drainQueues (http://localhost:34461/__cypress/runner/cypress_runner.js:162150:10)\n    at Async.drainQueues (http://localhost:34461/__cypress/runner/cypress_runner.js:162024:14)",
                "diff": null
              },
              "uuid": "14a8a255-db63-40ea-8f73-78c94cfec70e",
              "parentUUID": "6b7163a9-79a0-4dce-bcb3-0daada316830",
              "isHook": false,
              "skipped": false
            }
          ],
          "suites": [],
          "passes": [],
          "failures": [
            "14a8a255-db63-40ea-8f73-78c94cfec70e"
          ],
          "pending": [],
          "skipped": [],
          "duration": 4296,
          "root": false,
          "rootEmpty": false,
          "_timeout": 2000
        },
        {
          "uuid": "a1e5c4eb-30b3-45e0-a08c-a8c1b0b47316",
          "title": "2 - Adicione à página uma paleta de quatro cores distintas.",
          "fullFile": "",
          "file": "",
          "beforeHooks": [],
          "afterHooks": [],
          "tests": [
            {
              "title": "A paleta de cores deve ser um elemento com `id` denominado `color-palette`",
              "fullTitle": "2 - Adicione à página uma paleta de quatro cores distintas. A paleta de cores deve ser um elemento com `id` denominado `color-palette`",
              "timedOut": null,
              "duration": 4268,
              "state": "failed",
              "speed": null,
              "pass": false,
              "fail": true,
              "pending": false,
              "context": null,
              "code": "cy.get('#color-palette').should('be.visible');\ncy.get('#color-palette').children('.color');",
              "err": {
                "message": "CypressError: Timed out retrying: Expected to find element: '#color-palette', but never found it.",
                "estack": "CypressError: Timed out retrying: Expected to find element: '#color-palette', but never found it.\n    at cypressErr (http://localhost:34461/__cypress/runner/cypress_runner.js:149934:9)\n    at throwErr (http://localhost:34461/__cypress/runner/cypress_runner.js:149867:11)\n    at Object.throwErrByPath (http://localhost:34461/__cypress/runner/cypress_runner.js:149915:3)\n    at retry (http://localhost:34461/__cypress/runner/cypress_runner.js:144197:19)\n    at onFailFn (http://localhost:34461/__cypress/runner/cypress_runner.js:132448:16)\n    at tryCatcher (http://localhost:34461/__cypress/runner/cypress_runner.js:167415:23)\n    at Promise._settlePromiseFromHandler (http://localhost:34461/__cypress/runner/cypress_runner.js:165351:31)\n    at Promise._settlePromise (http://localhost:34461/__cypress/runner/cypress_runner.js:165408:18)\n    at Promise._settlePromise0 (http://localhost:34461/__cypress/runner/cypress_runner.js:165453:10)\n    at Promise._settlePromises (http://localhost:34461/__cypress/runner/cypress_runner.js:165528:18)\n    at Async../node_modules/bluebird/js/release/async.js.Async._drainQueue (http://localhost:34461/__cypress/runner/cypress_runner.js:162140:16)\n    at Async../node_modules/bluebird/js/release/async.js.Async._drainQueues (http://localhost:34461/__cypress/runner/cypress_runner.js:162150:10)\n    at Async.drainQueues (http://localhost:34461/__cypress/runner/cypress_runner.js:162024:14)",
                "diff": null
              },
              "uuid": "20e45c6c-d062-471a-b9f2-2902f0aa9ea3",
              "parentUUID": "a1e5c4eb-30b3-45e0-a08c-a8c1b0b47316",
              "isHook": false,
              "skipped": false
            },
            {
              "title": "Verifica se cada cor individual da paleta de cores possui a `classe` chamada `color`.",
              "fullTitle": "2 - Adicione à página uma paleta de quatro cores distintas. Verifica se cada cor individual da paleta de cores possui a `classe` chamada `color`.",
              "timedOut": null,
              "duration": 4224,
              "state": "failed",
              "speed": null,
              "pass": false,
              "fail": true,
              "pending": false,
              "context": null,
              "code": "cy.get('.color').should('have.length', 4).then(function (colors) {\n  for (var i = 0; i < colors.length; i++) {\n    cy.wrap(colors[i]).should('be.visible');\n  }\n});",
              "err": {
                "message": "CypressError: Timed out retrying: Expected to find element: '.color', but never found it.",
                "estack": "CypressError: Timed out retrying: Expected to find element: '.color', but never found it.\n    at cypressErr (http://localhost:34461/__cypress/runner/cypress_runner.js:149934:9)\n    at throwErr (http://localhost:34461/__cypress/runner/cypress_runner.js:149867:11)\n    at Object.throwErrByPath (http://localhost:34461/__cypress/runner/cypress_runner.js:149915:3)\n    at retry (http://localhost:34461/__cypress/runner/cypress_runner.js:144197:19)\n    at onFailFn (http://localhost:34461/__cypress/runner/cypress_runner.js:132448:16)\n    at tryCatcher (http://localhost:34461/__cypress/runner/cypress_runner.js:167415:23)\n    at Promise._settlePromiseFromHandler (http://localhost:34461/__cypress/runner/cypress_runner.js:165351:31)\n    at Promise._settlePromise (http://localhost:34461/__cypress/runner/cypress_runner.js:165408:18)\n    at Promise._settlePromise0 (http://localhost:34461/__cypress/runner/cypress_runner.js:165453:10)\n    at Promise._settlePromises (http://localhost:34461/__cypress/runner/cypress_runner.js:165528:18)\n    at Async../node_modules/bluebird/js/release/async.js.Async._drainQueue (http://localhost:34461/__cypress/runner/cypress_runner.js:162140:16)\n    at Async../node_modules/bluebird/js/release/async.js.Async._drainQueues (http://localhost:34461/__cypress/runner/cypress_runner.js:162150:10)\n    at Async.drainQueues (http://localhost:34461/__cypress/runner/cypress_runner.js:162024:14)",
                "diff": null
              },
              "uuid": "eb39e6ca-5966-4e6d-a4af-59b8c7b59d36",
              "parentUUID": "a1e5c4eb-30b3-45e0-a08c-a8c1b0b47316",
              "isHook": false,
              "skipped": false
            },
            {
              "title": "Verifica se a cor de fundo de cada elemento da paleta é a cor que o elemento representa. **A única cor não permitida na paleta é a cor branca.**",
              "fullTitle": "2 - Adicione à página uma paleta de quatro cores distintas. Verifica se a cor de fundo de cada elemento da paleta é a cor que o elemento representa. **A única cor não permitida na paleta é a cor branca.**",
              "timedOut": null,
              "duration": 4249,
              "state": "failed",
              "speed": null,
              "pass": false,
              "fail": true,
              "pending": false,
              "context": null,
              "code": "cy.get('.color').each(function (color) {\n  cy.wrap(color).should('have.class', 'color').and('not.have.css', 'background-color', WHITE);\n  cy.wrap(color).should('have.css', 'background-color');\n});",
              "err": {
                "message": "CypressError: Timed out retrying: Expected to find element: '.color', but never found it.",
                "estack": "CypressError: Timed out retrying: Expected to find element: '.color', but never found it.\n    at cypressErr (http://localhost:34461/__cypress/runner/cypress_runner.js:149934:9)\n    at throwErr (http://localhost:34461/__cypress/runner/cypress_runner.js:149867:11)\n    at Object.throwErrByPath (http://localhost:34461/__cypress/runner/cypress_runner.js:149915:3)\n    at retry (http://localhost:34461/__cypress/runner/cypress_runner.js:144197:19)\n    at onFailFn (http://localhost:34461/__cypress/runner/cypress_runner.js:132448:16)\n    at tryCatcher (http://localhost:34461/__cypress/runner/cypress_runner.js:167415:23)\n    at Promise._settlePromiseFromHandler (http://localhost:34461/__cypress/runner/cypress_runner.js:165351:31)\n    at Promise._settlePromise (http://localhost:34461/__cypress/runner/cypress_runner.js:165408:18)\n    at Promise._settlePromise0 (http://localhost:34461/__cypress/runner/cypress_runner.js:165453:10)\n    at Promise._settlePromises (http://localhost:34461/__cypress/runner/cypress_runner.js:165528:18)\n    at Async../node_modules/bluebird/js/release/async.js.Async._drainQueue (http://localhost:34461/__cypress/runner/cypress_runner.js:162140:16)\n    at Async../node_modules/bluebird/js/release/async.js.Async._drainQueues (http://localhost:34461/__cypress/runner/cypress_runner.js:162150:10)\n    at Async.drainQueues (http://localhost:34461/__cypress/runner/cypress_runner.js:162024:14)",
                "diff": null
              },
              "uuid": "f3e637db-1d07-4a23-a50d-3b443f35f8f8",
              "parentUUID": "a1e5c4eb-30b3-45e0-a08c-a8c1b0b47316",
              "isHook": false,
              "skipped": false
            },
            {
              "title": "Verifica se cada elemento da paleta de cores tem uma borda preta, sólida e com 1 pixel de largura;",
              "fullTitle": "2 - Adicione à página uma paleta de quatro cores distintas. Verifica se cada elemento da paleta de cores tem uma borda preta, sólida e com 1 pixel de largura;",
              "timedOut": null,
              "duration": 4244,
              "state": "failed",
              "speed": null,
              "pass": false,
              "fail": true,
              "pending": false,
              "context": null,
              "code": "cy.get('.color').each(function (color) {\n  cy.wrap(color).and('have.css', 'border', \"1px solid \".concat(BLACK)).and('have.class', 'color');\n});",
              "err": {
                "message": "CypressError: Timed out retrying: Expected to find element: '.color', but never found it.",
                "estack": "CypressError: Timed out retrying: Expected to find element: '.color', but never found it.\n    at cypressErr (http://localhost:34461/__cypress/runner/cypress_runner.js:149934:9)\n    at throwErr (http://localhost:34461/__cypress/runner/cypress_runner.js:149867:11)\n    at Object.throwErrByPath (http://localhost:34461/__cypress/runner/cypress_runner.js:149915:3)\n    at retry (http://localhost:34461/__cypress/runner/cypress_runner.js:144197:19)\n    at onFailFn (http://localhost:34461/__cypress/runner/cypress_runner.js:132448:16)\n    at tryCatcher (http://localhost:34461/__cypress/runner/cypress_runner.js:167415:23)\n    at Promise._settlePromiseFromHandler (http://localhost:34461/__cypress/runner/cypress_runner.js:165351:31)\n    at Promise._settlePromise (http://localhost:34461/__cypress/runner/cypress_runner.js:165408:18)\n    at Promise._settlePromise0 (http://localhost:34461/__cypress/runner/cypress_runner.js:165453:10)\n    at Promise._settlePromises (http://localhost:34461/__cypress/runner/cypress_runner.js:165528:18)\n    at Async../node_modules/bluebird/js/release/async.js.Async._drainQueue (http://localhost:34461/__cypress/runner/cypress_runner.js:162140:16)\n    at Async../node_modules/bluebird/js/release/async.js.Async._drainQueues (http://localhost:34461/__cypress/runner/cypress_runner.js:162150:10)\n    at Async.drainQueues (http://localhost:34461/__cypress/runner/cypress_runner.js:162024:14)",
                "diff": null
              },
              "uuid": "355d283f-e125-455f-b3ba-8622b48e7f9b",
              "parentUUID": "a1e5c4eb-30b3-45e0-a08c-a8c1b0b47316",
              "isHook": false,
              "skipped": false
            },
            {
              "title": "Verifica se a paleta lista todas as cores disponíveis para utilização, lado a lado.",
              "fullTitle": "2 - Adicione à página uma paleta de quatro cores distintas. Verifica se a paleta lista todas as cores disponíveis para utilização, lado a lado.",
              "timedOut": null,
              "duration": 4241,
              "state": "failed",
              "speed": null,
              "pass": false,
              "fail": true,
              "pending": false,
              "context": null,
              "code": "cy.get('.color').then(function (colors) {\n  for (var index = 1; index < colors.length; index += 1) {\n    var currentColor = colors[index];\n    var previousColor = colors[index - 1];\n    cy.wrap(currentColor).should('be.onTheRightOf', previousColor).and('be.horizontallyAlignedWith', previousColor);\n  }\n});",
              "err": {
                "message": "CypressError: Timed out retrying: Expected to find element: '.color', but never found it.",
                "estack": "CypressError: Timed out retrying: Expected to find element: '.color', but never found it.\n    at cypressErr (http://localhost:34461/__cypress/runner/cypress_runner.js:149934:9)\n    at throwErr (http://localhost:34461/__cypress/runner/cypress_runner.js:149867:11)\n    at Object.throwErrByPath (http://localhost:34461/__cypress/runner/cypress_runner.js:149915:3)\n    at retry (http://localhost:34461/__cypress/runner/cypress_runner.js:144197:19)\n    at onFailFn (http://localhost:34461/__cypress/runner/cypress_runner.js:132448:16)\n    at tryCatcher (http://localhost:34461/__cypress/runner/cypress_runner.js:167415:23)\n    at Promise._settlePromiseFromHandler (http://localhost:34461/__cypress/runner/cypress_runner.js:165351:31)\n    at Promise._settlePromise (http://localhost:34461/__cypress/runner/cypress_runner.js:165408:18)\n    at Promise._settlePromise0 (http://localhost:34461/__cypress/runner/cypress_runner.js:165453:10)\n    at Promise._settlePromises (http://localhost:34461/__cypress/runner/cypress_runner.js:165528:18)\n    at Async../node_modules/bluebird/js/release/async.js.Async._drainQueue (http://localhost:34461/__cypress/runner/cypress_runner.js:162140:16)\n    at Async../node_modules/bluebird/js/release/async.js.Async._drainQueues (http://localhost:34461/__cypress/runner/cypress_runner.js:162150:10)\n    at Async.drainQueues (http://localhost:34461/__cypress/runner/cypress_runner.js:162024:14)",
                "diff": null
              },
              "uuid": "472775a9-de57-4094-b1d9-535be8285086",
              "parentUUID": "a1e5c4eb-30b3-45e0-a08c-a8c1b0b47316",
              "isHook": false,
              "skipped": false
            },
            {
              "title": "Verifica se a paleta de cores está posicionada abaixo do título 'Paleta de Cores'",
              "fullTitle": "2 - Adicione à página uma paleta de quatro cores distintas. Verifica se a paleta de cores está posicionada abaixo do título 'Paleta de Cores'",
              "timedOut": null,
              "duration": 4233,
              "state": "failed",
              "speed": null,
              "pass": false,
              "fail": true,
              "pending": false,
              "context": null,
              "code": "cy.get('h1#title').then(function (title) {\n  cy.get('#color-palette').should('be.belowOf', title);\n});",
              "err": {
                "message": "CypressError: Timed out retrying: Expected to find element: 'h1#title', but never found it.",
                "estack": "CypressError: Timed out retrying: Expected to find element: 'h1#title', but never found it.\n    at cypressErr (http://localhost:34461/__cypress/runner/cypress_runner.js:149934:9)\n    at throwErr (http://localhost:34461/__cypress/runner/cypress_runner.js:149867:11)\n    at Object.throwErrByPath (http://localhost:34461/__cypress/runner/cypress_runner.js:149915:3)\n    at retry (http://localhost:34461/__cypress/runner/cypress_runner.js:144197:19)\n    at onFailFn (http://localhost:34461/__cypress/runner/cypress_runner.js:132448:16)\n    at tryCatcher (http://localhost:34461/__cypress/runner/cypress_runner.js:167415:23)\n    at Promise._settlePromiseFromHandler (http://localhost:34461/__cypress/runner/cypress_runner.js:165351:31)\n    at Promise._settlePromise (http://localhost:34461/__cypress/runner/cypress_runner.js:165408:18)\n    at Promise._settlePromise0 (http://localhost:34461/__cypress/runner/cypress_runner.js:165453:10)\n    at Promise._settlePromises (http://localhost:34461/__cypress/runner/cypress_runner.js:165528:18)\n    at Async../node_modules/bluebird/js/release/async.js.Async._drainQueue (http://localhost:34461/__cypress/runner/cypress_runner.js:162140:16)\n    at Async../node_modules/bluebird/js/release/async.js.Async._drainQueues (http://localhost:34461/__cypress/runner/cypress_runner.js:162150:10)\n    at Async.drainQueues (http://localhost:34461/__cypress/runner/cypress_runner.js:162024:14)",
                "diff": null
              },
              "uuid": "68862f57-3944-4282-b5cd-093c70f6b89c",
              "parentUUID": "a1e5c4eb-30b3-45e0-a08c-a8c1b0b47316",
              "isHook": false,
              "skipped": false
            },
            {
              "title": "Verifica se a paleta de cores não contém cores repetidas.",
              "fullTitle": "2 - Adicione à página uma paleta de quatro cores distintas. Verifica se a paleta de cores não contém cores repetidas.",
              "timedOut": null,
              "duration": 4225,
              "state": "failed",
              "speed": null,
              "pass": false,
              "fail": true,
              "pending": false,
              "context": null,
              "code": "cy.get('.color').then(function (colors) {\n  var allColors = Array.from(colors).map(function (color) {\n    return Cypress.$(color).css('background-color');\n  });\n  cy.log(allColors);\n  var uniqColors = (0, _toConsumableArray2[\"default\"])(new Set(allColors));\n  cy.log(uniqColors);\n  expect(allColors.length).to.eq(uniqColors.length);\n});",
              "err": {
                "message": "CypressError: Timed out retrying: Expected to find element: '.color', but never found it.",
                "estack": "CypressError: Timed out retrying: Expected to find element: '.color', but never found it.\n    at cypressErr (http://localhost:34461/__cypress/runner/cypress_runner.js:149934:9)\n    at throwErr (http://localhost:34461/__cypress/runner/cypress_runner.js:149867:11)\n    at Object.throwErrByPath (http://localhost:34461/__cypress/runner/cypress_runner.js:149915:3)\n    at retry (http://localhost:34461/__cypress/runner/cypress_runner.js:144197:19)\n    at onFailFn (http://localhost:34461/__cypress/runner/cypress_runner.js:132448:16)\n    at tryCatcher (http://localhost:34461/__cypress/runner/cypress_runner.js:167415:23)\n    at Promise._settlePromiseFromHandler (http://localhost:34461/__cypress/runner/cypress_runner.js:165351:31)\n    at Promise._settlePromise (http://localhost:34461/__cypress/runner/cypress_runner.js:165408:18)\n    at Promise._settlePromise0 (http://localhost:34461/__cypress/runner/cypress_runner.js:165453:10)\n    at Promise._settlePromises (http://localhost:34461/__cypress/runner/cypress_runner.js:165528:18)\n    at Async../node_modules/bluebird/js/release/async.js.Async._drainQueue (http://localhost:34461/__cypress/runner/cypress_runner.js:162140:16)\n    at Async../node_modules/bluebird/js/release/async.js.Async._drainQueues (http://localhost:34461/__cypress/runner/cypress_runner.js:162150:10)\n    at Async.drainQueues (http://localhost:34461/__cypress/runner/cypress_runner.js:162024:14)",
                "diff": null
              },
              "uuid": "59c33385-9a39-473d-8f16-6ac074da24de",
              "parentUUID": "a1e5c4eb-30b3-45e0-a08c-a8c1b0b47316",
              "isHook": false,
              "skipped": false
            }
          ],
          "suites": [],
          "passes": [],
          "failures": [
            "20e45c6c-d062-471a-b9f2-2902f0aa9ea3",
            "eb39e6ca-5966-4e6d-a4af-59b8c7b59d36",
            "f3e637db-1d07-4a23-a50d-3b443f35f8f8",
            "355d283f-e125-455f-b3ba-8622b48e7f9b",
            "472775a9-de57-4094-b1d9-535be8285086",
            "68862f57-3944-4282-b5cd-093c70f6b89c",
            "59c33385-9a39-473d-8f16-6ac074da24de"
          ],
          "pending": [],
          "skipped": [],
          "duration": 29684,
          "root": false,
          "rootEmpty": false,
          "_timeout": 2000
        },
        {
          "uuid": "8ef7af59-5dae-4140-acf9-6d64191688bd",
          "title": "3 - Adicione a cor **preta** como a primeira cor da paleta de cores.",
          "fullFile": "",
          "file": "",
          "beforeHooks": [],
          "afterHooks": [],
          "tests": [
            {
              "title": "Verifica se a primeira cor da paleta é preta",
              "fullTitle": "3 - Adicione a cor **preta** como a primeira cor da paleta de cores. Verifica se a primeira cor da paleta é preta",
              "timedOut": null,
              "duration": 4222,
              "state": "failed",
              "speed": null,
              "pass": false,
              "fail": true,
              "pending": false,
              "context": null,
              "code": "cy.get('.color').first().should('have.css', 'background-color', BLACK);",
              "err": {
                "message": "CypressError: Timed out retrying: Expected to find element: '.color', but never found it.",
                "estack": "CypressError: Timed out retrying: Expected to find element: '.color', but never found it.\n    at cypressErr (http://localhost:34461/__cypress/runner/cypress_runner.js:149934:9)\n    at throwErr (http://localhost:34461/__cypress/runner/cypress_runner.js:149867:11)\n    at Object.throwErrByPath (http://localhost:34461/__cypress/runner/cypress_runner.js:149915:3)\n    at retry (http://localhost:34461/__cypress/runner/cypress_runner.js:144197:19)\n    at onFailFn (http://localhost:34461/__cypress/runner/cypress_runner.js:132448:16)\n    at tryCatcher (http://localhost:34461/__cypress/runner/cypress_runner.js:167415:23)\n    at Promise._settlePromiseFromHandler (http://localhost:34461/__cypress/runner/cypress_runner.js:165351:31)\n    at Promise._settlePromise (http://localhost:34461/__cypress/runner/cypress_runner.js:165408:18)\n    at Promise._settlePromise0 (http://localhost:34461/__cypress/runner/cypress_runner.js:165453:10)\n    at Promise._settlePromises (http://localhost:34461/__cypress/runner/cypress_runner.js:165528:18)\n    at Async../node_modules/bluebird/js/release/async.js.Async._drainQueue (http://localhost:34461/__cypress/runner/cypress_runner.js:162140:16)\n    at Async../node_modules/bluebird/js/release/async.js.Async._drainQueues (http://localhost:34461/__cypress/runner/cypress_runner.js:162150:10)\n    at Async.drainQueues (http://localhost:34461/__cypress/runner/cypress_runner.js:162024:14)",
                "diff": null
              },
              "uuid": "618b75c0-f548-41f3-b8c6-0fe0a1e7feb9",
              "parentUUID": "8ef7af59-5dae-4140-acf9-6d64191688bd",
              "isHook": false,
              "skipped": false
            },
            {
              "title": "Verifica se as demais cores podem ser escolhidas livremente.",
              "fullTitle": "3 - Adicione a cor **preta** como a primeira cor da paleta de cores. Verifica se as demais cores podem ser escolhidas livremente.",
              "timedOut": null,
              "duration": 4233,
              "state": "failed",
              "speed": null,
              "pass": false,
              "fail": true,
              "pending": false,
              "context": null,
              "code": "cy.get('.color').eq(1).should('not.have.css', 'background-color', BLACK);\ncy.get('.color').eq(1).should('not.have.css', 'background-color', WHITE);\ncy.get('.color').eq(1).should('not.have.css', 'background-color', 'rgba(0, 0, 0, 0)');\ncy.get('.color').eq(1).should('have.css', 'background-color');\ncy.get('.color').eq(2).should('not.have.css', 'background-color', BLACK);\ncy.get('.color').eq(2).should('not.have.css', 'background-color', WHITE);\ncy.get('.color').eq(2).should('not.have.css', 'background-color', 'rgba(0, 0, 0, 0)');\ncy.get('.color').eq(2).should('have.css', 'background-color');\ncy.get('.color').eq(3).should('not.have.css', 'background-color', BLACK);\ncy.get('.color').eq(3).should('not.have.css', 'background-color', WHITE);\ncy.get('.color').eq(3).should('not.have.css', 'background-color', 'rgba(0, 0, 0, 0)');\ncy.get('.color').eq(3).should('have.css', 'background-color');",
              "err": {
                "message": "CypressError: Timed out retrying: Expected to find element: '.color', but never found it.",
                "estack": "CypressError: Timed out retrying: Expected to find element: '.color', but never found it.\n    at cypressErr (http://localhost:34461/__cypress/runner/cypress_runner.js:149934:9)\n    at throwErr (http://localhost:34461/__cypress/runner/cypress_runner.js:149867:11)\n    at Object.throwErrByPath (http://localhost:34461/__cypress/runner/cypress_runner.js:149915:3)\n    at retry (http://localhost:34461/__cypress/runner/cypress_runner.js:144197:19)\n    at onFailFn (http://localhost:34461/__cypress/runner/cypress_runner.js:132448:16)\n    at tryCatcher (http://localhost:34461/__cypress/runner/cypress_runner.js:167415:23)\n    at Promise._settlePromiseFromHandler (http://localhost:34461/__cypress/runner/cypress_runner.js:165351:31)\n    at Promise._settlePromise (http://localhost:34461/__cypress/runner/cypress_runner.js:165408:18)\n    at Promise._settlePromise0 (http://localhost:34461/__cypress/runner/cypress_runner.js:165453:10)\n    at Promise._settlePromises (http://localhost:34461/__cypress/runner/cypress_runner.js:165528:18)\n    at Async../node_modules/bluebird/js/release/async.js.Async._drainQueue (http://localhost:34461/__cypress/runner/cypress_runner.js:162140:16)\n    at Async../node_modules/bluebird/js/release/async.js.Async._drainQueues (http://localhost:34461/__cypress/runner/cypress_runner.js:162150:10)\n    at Async.drainQueues (http://localhost:34461/__cypress/runner/cypress_runner.js:162024:14)",
                "diff": null
              },
              "uuid": "f12385a9-961b-425b-aa51-7d342bbd4c0c",
              "parentUUID": "8ef7af59-5dae-4140-acf9-6d64191688bd",
              "isHook": false,
              "skipped": false
            }
          ],
          "suites": [],
          "passes": [],
          "failures": [
            "618b75c0-f548-41f3-b8c6-0fe0a1e7feb9",
            "f12385a9-961b-425b-aa51-7d342bbd4c0c"
          ],
          "pending": [],
          "skipped": [],
          "duration": 8455,
          "root": false,
          "rootEmpty": false,
          "_timeout": 2000
        },
        {
          "uuid": "5711c81d-07cb-40ff-b323-a472a656d82b",
          "title": "4 - Adicione à página um quadro de pixels, com 25 pixels.",
          "fullFile": "",
          "file": "",
          "beforeHooks": [],
          "afterHooks": [],
          "tests": [
            {
              "title": "Verifica se o quadro de pixels possui o `id` denominado `pixel-board`",
              "fullTitle": "4 - Adicione à página um quadro de pixels, com 25 pixels. Verifica se o quadro de pixels possui o `id` denominado `pixel-board`",
              "timedOut": null,
              "duration": 4255,
              "state": "failed",
              "speed": null,
              "pass": false,
              "fail": true,
              "pending": false,
              "context": null,
              "code": "cy.get('#pixel-board').should('be.visible');",
              "err": {
                "message": "CypressError: Timed out retrying: Expected to find element: '#pixel-board', but never found it.",
                "estack": "CypressError: Timed out retrying: Expected to find element: '#pixel-board', but never found it.\n    at cypressErr (http://localhost:34461/__cypress/runner/cypress_runner.js:149934:9)\n    at throwErr (http://localhost:34461/__cypress/runner/cypress_runner.js:149867:11)\n    at Object.throwErrByPath (http://localhost:34461/__cypress/runner/cypress_runner.js:149915:3)\n    at retry (http://localhost:34461/__cypress/runner/cypress_runner.js:144197:19)\n    at onFailFn (http://localhost:34461/__cypress/runner/cypress_runner.js:132448:16)\n    at tryCatcher (http://localhost:34461/__cypress/runner/cypress_runner.js:167415:23)\n    at Promise._settlePromiseFromHandler (http://localhost:34461/__cypress/runner/cypress_runner.js:165351:31)\n    at Promise._settlePromise (http://localhost:34461/__cypress/runner/cypress_runner.js:165408:18)\n    at Promise._settlePromise0 (http://localhost:34461/__cypress/runner/cypress_runner.js:165453:10)\n    at Promise._settlePromises (http://localhost:34461/__cypress/runner/cypress_runner.js:165528:18)\n    at Async../node_modules/bluebird/js/release/async.js.Async._drainQueue (http://localhost:34461/__cypress/runner/cypress_runner.js:162140:16)\n    at Async../node_modules/bluebird/js/release/async.js.Async._drainQueues (http://localhost:34461/__cypress/runner/cypress_runner.js:162150:10)\n    at Async.drainQueues (http://localhost:34461/__cypress/runner/cypress_runner.js:162024:14)",
                "diff": null
              },
              "uuid": "26ccce78-0beb-41e8-8d15-adc0710eef6c",
              "parentUUID": "5711c81d-07cb-40ff-b323-a472a656d82b",
              "isHook": false,
              "skipped": false
            },
            {
              "title": "Verifica se cada pixel individual dentro do quadro possui a `classe` denominada `pixel`.",
              "fullTitle": "4 - Adicione à página um quadro de pixels, com 25 pixels. Verifica se cada pixel individual dentro do quadro possui a `classe` denominada `pixel`.",
              "timedOut": null,
              "duration": 4287,
              "state": "failed",
              "speed": null,
              "pass": false,
              "fail": true,
              "pending": false,
              "context": null,
              "code": "cy.get('.pixel').should('have.length', 25);",
              "err": {
                "message": "CypressError: Timed out retrying: Expected to find element: '.pixel', but never found it.",
                "estack": "CypressError: Timed out retrying: Expected to find element: '.pixel', but never found it.\n    at cypressErr (http://localhost:34461/__cypress/runner/cypress_runner.js:149934:9)\n    at throwErr (http://localhost:34461/__cypress/runner/cypress_runner.js:149867:11)\n    at Object.throwErrByPath (http://localhost:34461/__cypress/runner/cypress_runner.js:149915:3)\n    at retry (http://localhost:34461/__cypress/runner/cypress_runner.js:144197:19)\n    at onFailFn (http://localhost:34461/__cypress/runner/cypress_runner.js:132448:16)\n    at tryCatcher (http://localhost:34461/__cypress/runner/cypress_runner.js:167415:23)\n    at Promise._settlePromiseFromHandler (http://localhost:34461/__cypress/runner/cypress_runner.js:165351:31)\n    at Promise._settlePromise (http://localhost:34461/__cypress/runner/cypress_runner.js:165408:18)\n    at Promise._settlePromise0 (http://localhost:34461/__cypress/runner/cypress_runner.js:165453:10)\n    at Promise._settlePromises (http://localhost:34461/__cypress/runner/cypress_runner.js:165528:18)\n    at Async../node_modules/bluebird/js/release/async.js.Async._drainQueue (http://localhost:34461/__cypress/runner/cypress_runner.js:162140:16)\n    at Async../node_modules/bluebird/js/release/async.js.Async._drainQueues (http://localhost:34461/__cypress/runner/cypress_runner.js:162150:10)\n    at Async.drainQueues (http://localhost:34461/__cypress/runner/cypress_runner.js:162024:14)",
                "diff": null
              },
              "uuid": "931c3c46-7963-4e8b-9896-b6dfcfc1bf98",
              "parentUUID": "5711c81d-07cb-40ff-b323-a472a656d82b",
              "isHook": false,
              "skipped": false
            },
            {
              "title": "Verifica se a cor inicial dos pixels dentro do quadro, ao abrir a página, é branca.",
              "fullTitle": "4 - Adicione à página um quadro de pixels, com 25 pixels. Verifica se a cor inicial dos pixels dentro do quadro, ao abrir a página, é branca.",
              "timedOut": null,
              "duration": 4242,
              "state": "failed",
              "speed": null,
              "pass": false,
              "fail": true,
              "pending": false,
              "context": null,
              "code": "cy.get('.pixel').should('have.length', 25).each(function (pixel) {\n  expect(pixel).to.have.css('background-color', WHITE);\n});",
              "err": {
                "message": "CypressError: Timed out retrying: Expected to find element: '.pixel', but never found it.",
                "estack": "CypressError: Timed out retrying: Expected to find element: '.pixel', but never found it.\n    at cypressErr (http://localhost:34461/__cypress/runner/cypress_runner.js:149934:9)\n    at throwErr (http://localhost:34461/__cypress/runner/cypress_runner.js:149867:11)\n    at Object.throwErrByPath (http://localhost:34461/__cypress/runner/cypress_runner.js:149915:3)\n    at retry (http://localhost:34461/__cypress/runner/cypress_runner.js:144197:19)\n    at onFailFn (http://localhost:34461/__cypress/runner/cypress_runner.js:132448:16)\n    at tryCatcher (http://localhost:34461/__cypress/runner/cypress_runner.js:167415:23)\n    at Promise._settlePromiseFromHandler (http://localhost:34461/__cypress/runner/cypress_runner.js:165351:31)\n    at Promise._settlePromise (http://localhost:34461/__cypress/runner/cypress_runner.js:165408:18)\n    at Promise._settlePromise0 (http://localhost:34461/__cypress/runner/cypress_runner.js:165453:10)\n    at Promise._settlePromises (http://localhost:34461/__cypress/runner/cypress_runner.js:165528:18)\n    at Async../node_modules/bluebird/js/release/async.js.Async._drainQueue (http://localhost:34461/__cypress/runner/cypress_runner.js:162140:16)\n    at Async../node_modules/bluebird/js/release/async.js.Async._drainQueues (http://localhost:34461/__cypress/runner/cypress_runner.js:162150:10)\n    at Async.drainQueues (http://localhost:34461/__cypress/runner/cypress_runner.js:162024:14)",
                "diff": null
              },
              "uuid": "1f9c84fe-5956-45ac-89ed-f98b01463b4d",
              "parentUUID": "5711c81d-07cb-40ff-b323-a472a656d82b",
              "isHook": false,
              "skipped": false
            },
            {
              "title": "Verifica se o quadro de pixels aparece abaixo da paleta de cores",
              "fullTitle": "4 - Adicione à página um quadro de pixels, com 25 pixels. Verifica se o quadro de pixels aparece abaixo da paleta de cores",
              "timedOut": null,
              "duration": 4259,
              "state": "failed",
              "speed": null,
              "pass": false,
              "fail": true,
              "pending": false,
              "context": null,
              "code": "cy.get('#color-palette').then(function (palette) {\n  cy.get('#pixel-board').should('be.belowOf', palette);\n});",
              "err": {
                "message": "CypressError: Timed out retrying: Expected to find element: '#color-palette', but never found it.",
                "estack": "CypressError: Timed out retrying: Expected to find element: '#color-palette', but never found it.\n    at cypressErr (http://localhost:34461/__cypress/runner/cypress_runner.js:149934:9)\n    at throwErr (http://localhost:34461/__cypress/runner/cypress_runner.js:149867:11)\n    at Object.throwErrByPath (http://localhost:34461/__cypress/runner/cypress_runner.js:149915:3)\n    at retry (http://localhost:34461/__cypress/runner/cypress_runner.js:144197:19)\n    at onFailFn (http://localhost:34461/__cypress/runner/cypress_runner.js:132448:16)\n    at tryCatcher (http://localhost:34461/__cypress/runner/cypress_runner.js:167415:23)\n    at Promise._settlePromiseFromHandler (http://localhost:34461/__cypress/runner/cypress_runner.js:165351:31)\n    at Promise._settlePromise (http://localhost:34461/__cypress/runner/cypress_runner.js:165408:18)\n    at Promise._settlePromise0 (http://localhost:34461/__cypress/runner/cypress_runner.js:165453:10)\n    at Promise._settlePromises (http://localhost:34461/__cypress/runner/cypress_runner.js:165528:18)\n    at Async../node_modules/bluebird/js/release/async.js.Async._drainQueue (http://localhost:34461/__cypress/runner/cypress_runner.js:162140:16)\n    at Async../node_modules/bluebird/js/release/async.js.Async._drainQueues (http://localhost:34461/__cypress/runner/cypress_runner.js:162150:10)\n    at Async.drainQueues (http://localhost:34461/__cypress/runner/cypress_runner.js:162024:14)",
                "diff": null
              },
              "uuid": "864032a2-3497-4eaf-b43d-deacebe9afa3",
              "parentUUID": "5711c81d-07cb-40ff-b323-a472a656d82b",
              "isHook": false,
              "skipped": false
            }
          ],
          "suites": [],
          "passes": [],
          "failures": [
            "26ccce78-0beb-41e8-8d15-adc0710eef6c",
            "931c3c46-7963-4e8b-9896-b6dfcfc1bf98",
            "1f9c84fe-5956-45ac-89ed-f98b01463b4d",
            "864032a2-3497-4eaf-b43d-deacebe9afa3"
          ],
          "pending": [],
          "skipped": [],
          "duration": 17043,
          "root": false,
          "rootEmpty": false,
          "_timeout": 2000
        },
        {
          "uuid": "7aa8c0c8-e995-4d14-8c5e-223dd7c92260",
          "title": "5 - Faça com que cada elemento do quadro de pixels possua 40 pixels de largura, 40 pixels de altura e seja delimitado por uma borda preta de 1 pixel.",
          "fullFile": "",
          "file": "",
          "beforeHooks": [],
          "afterHooks": [],
          "tests": [
            {
              "title": "Verifica se o quadro de pixels tem altura e comprimento de 5 elementos",
              "fullTitle": "5 - Faça com que cada elemento do quadro de pixels possua 40 pixels de largura, 40 pixels de altura e seja delimitado por uma borda preta de 1 pixel. Verifica se o quadro de pixels tem altura e comprimento de 5 elementos",
              "timedOut": null,
              "duration": 4243,
              "state": "failed",
              "speed": null,
              "pass": false,
              "fail": true,
              "pending": false,
              "context": null,
              "code": "cy.get('.pixel').should('have.length', 25).each(function (pixel) {\n  expect(pixel).to.have.css('background-color', WHITE);\n}).and(function (pixels) {\n  var rows = chunk(pixels, 5);\n  rows.forEach(function (row) {\n    for (var index = 1; index < row.length; index += 1) {\n      var current = pixels[index];\n      var previous = pixels[index - 1];\n      cy.wrap(current).should('be.onTheRightOf', previous).and('be.horizontallyAlignedWith', previous);\n    }\n  });\n  for (var index = 1; index < 5; index += 1) {\n    expect(pixels[index * 5]).to.be.belowOf(pixels[(index - 1) * 5]);\n  }\n});",
              "err": {
                "message": "CypressError: Timed out retrying: Expected to find element: '.pixel', but never found it.",
                "estack": "CypressError: Timed out retrying: Expected to find element: '.pixel', but never found it.\n    at cypressErr (http://localhost:34461/__cypress/runner/cypress_runner.js:149934:9)\n    at throwErr (http://localhost:34461/__cypress/runner/cypress_runner.js:149867:11)\n    at Object.throwErrByPath (http://localhost:34461/__cypress/runner/cypress_runner.js:149915:3)\n    at retry (http://localhost:34461/__cypress/runner/cypress_runner.js:144197:19)\n    at onFailFn (http://localhost:34461/__cypress/runner/cypress_runner.js:132448:16)\n    at tryCatcher (http://localhost:34461/__cypress/runner/cypress_runner.js:167415:23)\n    at Promise._settlePromiseFromHandler (http://localhost:34461/__cypress/runner/cypress_runner.js:165351:31)\n    at Promise._settlePromise (http://localhost:34461/__cypress/runner/cypress_runner.js:165408:18)\n    at Promise._settlePromise0 (http://localhost:34461/__cypress/runner/cypress_runner.js:165453:10)\n    at Promise._settlePromises (http://localhost:34461/__cypress/runner/cypress_runner.js:165528:18)\n    at Async../node_modules/bluebird/js/release/async.js.Async._drainQueue (http://localhost:34461/__cypress/runner/cypress_runner.js:162140:16)\n    at Async../node_modules/bluebird/js/release/async.js.Async._drainQueues (http://localhost:34461/__cypress/runner/cypress_runner.js:162150:10)\n    at Async.drainQueues (http://localhost:34461/__cypress/runner/cypress_runner.js:162024:14)",
                "diff": null
              },
              "uuid": "dff733d1-f4a6-42fe-86f8-4dfd4e210f58",
              "parentUUID": "7aa8c0c8-e995-4d14-8c5e-223dd7c92260",
              "isHook": false,
              "skipped": false
            },
            {
              "title": "Verifica se 40 pixels é o tamanho total do elemento, incluindo seu conteúdo e excluindo a borda preta, que deve ser criada à parte.",
              "fullTitle": "5 - Faça com que cada elemento do quadro de pixels possua 40 pixels de largura, 40 pixels de altura e seja delimitado por uma borda preta de 1 pixel. Verifica se 40 pixels é o tamanho total do elemento, incluindo seu conteúdo e excluindo a borda preta, que deve ser criada à parte.",
              "timedOut": null,
              "duration": 4267,
              "state": "failed",
              "speed": null,
              "pass": false,
              "fail": true,
              "pending": false,
              "context": null,
              "code": "cy.get('.pixel').each(function (pixel) {\n  cy.wrap(pixel).should('have.css', 'height', '40px').and('have.css', 'width', '40px').and('have.css', 'border', \"1px solid \".concat(BLACK));\n});",
              "err": {
                "message": "CypressError: Timed out retrying: Expected to find element: '.pixel', but never found it.",
                "estack": "CypressError: Timed out retrying: Expected to find element: '.pixel', but never found it.\n    at cypressErr (http://localhost:34461/__cypress/runner/cypress_runner.js:149934:9)\n    at throwErr (http://localhost:34461/__cypress/runner/cypress_runner.js:149867:11)\n    at Object.throwErrByPath (http://localhost:34461/__cypress/runner/cypress_runner.js:149915:3)\n    at retry (http://localhost:34461/__cypress/runner/cypress_runner.js:144197:19)\n    at onFailFn (http://localhost:34461/__cypress/runner/cypress_runner.js:132448:16)\n    at tryCatcher (http://localhost:34461/__cypress/runner/cypress_runner.js:167415:23)\n    at Promise._settlePromiseFromHandler (http://localhost:34461/__cypress/runner/cypress_runner.js:165351:31)\n    at Promise._settlePromise (http://localhost:34461/__cypress/runner/cypress_runner.js:165408:18)\n    at Promise._settlePromise0 (http://localhost:34461/__cypress/runner/cypress_runner.js:165453:10)\n    at Promise._settlePromises (http://localhost:34461/__cypress/runner/cypress_runner.js:165528:18)\n    at Async../node_modules/bluebird/js/release/async.js.Async._drainQueue (http://localhost:34461/__cypress/runner/cypress_runner.js:162140:16)\n    at Async../node_modules/bluebird/js/release/async.js.Async._drainQueues (http://localhost:34461/__cypress/runner/cypress_runner.js:162150:10)\n    at Async.drainQueues (http://localhost:34461/__cypress/runner/cypress_runner.js:162024:14)",
                "diff": null
              },
              "uuid": "ef20f095-2083-4e18-ad19-96f5b6c3f2c9",
              "parentUUID": "7aa8c0c8-e995-4d14-8c5e-223dd7c92260",
              "isHook": false,
              "skipped": false
            }
          ],
          "suites": [],
          "passes": [],
          "failures": [
            "dff733d1-f4a6-42fe-86f8-4dfd4e210f58",
            "ef20f095-2083-4e18-ad19-96f5b6c3f2c9"
          ],
          "pending": [],
          "skipped": [],
          "duration": 8510,
          "root": false,
          "rootEmpty": false,
          "_timeout": 2000
        },
        {
          "uuid": "fda60646-a767-4453-bbcf-27c3d244fa8c",
          "title": "6 - Defina a cor preta como cor inicial. Ao carregar a página a cor preta já deve estar selecionada para pintar os pixels",
          "fullFile": "",
          "file": "",
          "beforeHooks": [],
          "afterHooks": [],
          "tests": [
            {
              "title": "Verifica se o elemento da cor preta possui, inicialmente, a `classe` `selected`",
              "fullTitle": "6 - Defina a cor preta como cor inicial. Ao carregar a página a cor preta já deve estar selecionada para pintar os pixels Verifica se o elemento da cor preta possui, inicialmente, a `classe` `selected`",
              "timedOut": null,
              "duration": 4264,
              "state": "failed",
              "speed": null,
              "pass": false,
              "fail": true,
              "pending": false,
              "context": null,
              "code": "cy.get('.selected').first().should('have.css', 'background-color', BLACK);",
              "err": {
                "message": "CypressError: Timed out retrying: Expected to find element: '.selected', but never found it.",
                "estack": "CypressError: Timed out retrying: Expected to find element: '.selected', but never found it.\n    at cypressErr (http://localhost:34461/__cypress/runner/cypress_runner.js:149934:9)\n    at throwErr (http://localhost:34461/__cypress/runner/cypress_runner.js:149867:11)\n    at Object.throwErrByPath (http://localhost:34461/__cypress/runner/cypress_runner.js:149915:3)\n    at retry (http://localhost:34461/__cypress/runner/cypress_runner.js:144197:19)\n    at onFailFn (http://localhost:34461/__cypress/runner/cypress_runner.js:132448:16)\n    at tryCatcher (http://localhost:34461/__cypress/runner/cypress_runner.js:167415:23)\n    at Promise._settlePromiseFromHandler (http://localhost:34461/__cypress/runner/cypress_runner.js:165351:31)\n    at Promise._settlePromise (http://localhost:34461/__cypress/runner/cypress_runner.js:165408:18)\n    at Promise._settlePromise0 (http://localhost:34461/__cypress/runner/cypress_runner.js:165453:10)\n    at Promise._settlePromises (http://localhost:34461/__cypress/runner/cypress_runner.js:165528:18)\n    at Async../node_modules/bluebird/js/release/async.js.Async._drainQueue (http://localhost:34461/__cypress/runner/cypress_runner.js:162140:16)\n    at Async../node_modules/bluebird/js/release/async.js.Async._drainQueues (http://localhost:34461/__cypress/runner/cypress_runner.js:162150:10)\n    at Async.drainQueues (http://localhost:34461/__cypress/runner/cypress_runner.js:162024:14)",
                "diff": null
              },
              "uuid": "66e72b5c-4356-4cba-9ac3-7c2d240d5b98",
              "parentUUID": "fda60646-a767-4453-bbcf-27c3d244fa8c",
              "isHook": false,
              "skipped": false
            },
            {
              "title": "Verifica se nenhuma outra cor da paleta tem a `classe` `selected`",
              "fullTitle": "6 - Defina a cor preta como cor inicial. Ao carregar a página a cor preta já deve estar selecionada para pintar os pixels Verifica se nenhuma outra cor da paleta tem a `classe` `selected`",
              "timedOut": null,
              "duration": 4245,
              "state": "failed",
              "speed": null,
              "pass": false,
              "fail": true,
              "pending": false,
              "context": null,
              "code": "cy.get('.color:not(:first-child)').each(function (color) {\n  cy.wrap(color).should('not.have.class', 'selected');\n});",
              "err": {
                "message": "CypressError: Timed out retrying: Expected to find element: '.color:not(:first-child)', but never found it.",
                "estack": "CypressError: Timed out retrying: Expected to find element: '.color:not(:first-child)', but never found it.\n    at cypressErr (http://localhost:34461/__cypress/runner/cypress_runner.js:149934:9)\n    at throwErr (http://localhost:34461/__cypress/runner/cypress_runner.js:149867:11)\n    at Object.throwErrByPath (http://localhost:34461/__cypress/runner/cypress_runner.js:149915:3)\n    at retry (http://localhost:34461/__cypress/runner/cypress_runner.js:144197:19)\n    at onFailFn (http://localhost:34461/__cypress/runner/cypress_runner.js:132448:16)\n    at tryCatcher (http://localhost:34461/__cypress/runner/cypress_runner.js:167415:23)\n    at Promise._settlePromiseFromHandler (http://localhost:34461/__cypress/runner/cypress_runner.js:165351:31)\n    at Promise._settlePromise (http://localhost:34461/__cypress/runner/cypress_runner.js:165408:18)\n    at Promise._settlePromise0 (http://localhost:34461/__cypress/runner/cypress_runner.js:165453:10)\n    at Promise._settlePromises (http://localhost:34461/__cypress/runner/cypress_runner.js:165528:18)\n    at Async../node_modules/bluebird/js/release/async.js.Async._drainQueue (http://localhost:34461/__cypress/runner/cypress_runner.js:162140:16)\n    at Async../node_modules/bluebird/js/release/async.js.Async._drainQueues (http://localhost:34461/__cypress/runner/cypress_runner.js:162150:10)\n    at Async.drainQueues (http://localhost:34461/__cypress/runner/cypress_runner.js:162024:14)",
                "diff": null
              },
              "uuid": "f80f7d4b-b37f-4e3b-b54f-75e43fae5826",
              "parentUUID": "fda60646-a767-4453-bbcf-27c3d244fa8c",
              "isHook": false,
              "skipped": false
            }
          ],
          "suites": [],
          "passes": [],
          "failures": [
            "66e72b5c-4356-4cba-9ac3-7c2d240d5b98",
            "f80f7d4b-b37f-4e3b-b54f-75e43fae5826"
          ],
          "pending": [],
          "skipped": [],
          "duration": 8509,
          "root": false,
          "rootEmpty": false,
          "_timeout": 2000
        },
        {
          "uuid": "ad9e99d7-e512-4f3c-8847-01d7c16387ca",
          "title": "7 - Clicar em uma das cores da paleta, faz com que ela seja selecionada e utilizada para preencher os pixels no quadro.",
          "fullFile": "",
          "file": "",
          "beforeHooks": [],
          "afterHooks": [],
          "tests": [
            {
              "title": "Verifica se somente uma cor da paleta de cores tem a classe `selected` de cada vez",
              "fullTitle": "7 - Clicar em uma das cores da paleta, faz com que ela seja selecionada e utilizada para preencher os pixels no quadro. Verifica se somente uma cor da paleta de cores tem a classe `selected` de cada vez",
              "timedOut": null,
              "duration": 4271,
              "state": "failed",
              "speed": null,
              "pass": false,
              "fail": true,
              "pending": false,
              "context": null,
              "code": "cy.get('.color').each(function (selectedColor, selectedColorIndex) {\n  cy.wrap(selectedColor).click();\n  cy.get('.color').each(function (color, colorIndex) {\n    if (colorIndex === selectedColorIndex) {\n      expect(color).to.have[\"class\"]('selected');\n    } else {\n      expect(color).not.to.have[\"class\"]('selected');\n    }\n  });\n});",
              "err": {
                "message": "CypressError: Timed out retrying: Expected to find element: '.color', but never found it.",
                "estack": "CypressError: Timed out retrying: Expected to find element: '.color', but never found it.\n    at cypressErr (http://localhost:34461/__cypress/runner/cypress_runner.js:149934:9)\n    at throwErr (http://localhost:34461/__cypress/runner/cypress_runner.js:149867:11)\n    at Object.throwErrByPath (http://localhost:34461/__cypress/runner/cypress_runner.js:149915:3)\n    at retry (http://localhost:34461/__cypress/runner/cypress_runner.js:144197:19)\n    at onFailFn (http://localhost:34461/__cypress/runner/cypress_runner.js:132448:16)\n    at tryCatcher (http://localhost:34461/__cypress/runner/cypress_runner.js:167415:23)\n    at Promise._settlePromiseFromHandler (http://localhost:34461/__cypress/runner/cypress_runner.js:165351:31)\n    at Promise._settlePromise (http://localhost:34461/__cypress/runner/cypress_runner.js:165408:18)\n    at Promise._settlePromise0 (http://localhost:34461/__cypress/runner/cypress_runner.js:165453:10)\n    at Promise._settlePromises (http://localhost:34461/__cypress/runner/cypress_runner.js:165528:18)\n    at Async../node_modules/bluebird/js/release/async.js.Async._drainQueue (http://localhost:34461/__cypress/runner/cypress_runner.js:162140:16)\n    at Async../node_modules/bluebird/js/release/async.js.Async._drainQueues (http://localhost:34461/__cypress/runner/cypress_runner.js:162150:10)\n    at Async.drainQueues (http://localhost:34461/__cypress/runner/cypress_runner.js:162024:14)",
                "diff": null
              },
              "uuid": "90ce0231-ee58-4929-853b-1f0bc7ffc349",
              "parentUUID": "ad9e99d7-e512-4f3c-8847-01d7c16387ca",
              "isHook": false,
              "skipped": false
            },
            {
              "title": "Verifica se os pixels dentro do quadro não têm a classe `selected` quando são clicados",
              "fullTitle": "7 - Clicar em uma das cores da paleta, faz com que ela seja selecionada e utilizada para preencher os pixels no quadro. Verifica se os pixels dentro do quadro não têm a classe `selected` quando são clicados",
              "timedOut": null,
              "duration": 4254,
              "state": "failed",
              "speed": null,
              "pass": false,
              "fail": true,
              "pending": false,
              "context": null,
              "code": "cy.get('.color').each(function (color) {\n  var backgroundColor = color.css('background-color');\n  cy.wrap(color).click();\n  cy.get('.pixel').each(function (pixel) {\n    cy.wrap(pixel).click().should('not.have.class', 'selected');\n  });\n});",
              "err": {
                "message": "CypressError: Timed out retrying: Expected to find element: '.color', but never found it.",
                "estack": "CypressError: Timed out retrying: Expected to find element: '.color', but never found it.\n    at cypressErr (http://localhost:34461/__cypress/runner/cypress_runner.js:149934:9)\n    at throwErr (http://localhost:34461/__cypress/runner/cypress_runner.js:149867:11)\n    at Object.throwErrByPath (http://localhost:34461/__cypress/runner/cypress_runner.js:149915:3)\n    at retry (http://localhost:34461/__cypress/runner/cypress_runner.js:144197:19)\n    at onFailFn (http://localhost:34461/__cypress/runner/cypress_runner.js:132448:16)\n    at tryCatcher (http://localhost:34461/__cypress/runner/cypress_runner.js:167415:23)\n    at Promise._settlePromiseFromHandler (http://localhost:34461/__cypress/runner/cypress_runner.js:165351:31)\n    at Promise._settlePromise (http://localhost:34461/__cypress/runner/cypress_runner.js:165408:18)\n    at Promise._settlePromise0 (http://localhost:34461/__cypress/runner/cypress_runner.js:165453:10)\n    at Promise._settlePromises (http://localhost:34461/__cypress/runner/cypress_runner.js:165528:18)\n    at Async../node_modules/bluebird/js/release/async.js.Async._drainQueue (http://localhost:34461/__cypress/runner/cypress_runner.js:162140:16)\n    at Async../node_modules/bluebird/js/release/async.js.Async._drainQueues (http://localhost:34461/__cypress/runner/cypress_runner.js:162150:10)\n    at Async.drainQueues (http://localhost:34461/__cypress/runner/cypress_runner.js:162024:14)",
                "diff": null
              },
              "uuid": "c97056f0-0e6b-41c0-acb6-8c5909c5b3f8",
              "parentUUID": "ad9e99d7-e512-4f3c-8847-01d7c16387ca",
              "isHook": false,
              "skipped": false
            }
          ],
          "suites": [],
          "passes": [],
          "failures": [
            "90ce0231-ee58-4929-853b-1f0bc7ffc349",
            "c97056f0-0e6b-41c0-acb6-8c5909c5b3f8"
          ],
          "pending": [],
          "skipped": [],
          "duration": 8525,
          "root": false,
          "rootEmpty": false,
          "_timeout": 2000
        },
        {
          "uuid": "8e37db24-933e-4271-9dbd-c3f3fd9a198a",
          "title": "8 - Clicar em um pixel dentro do quadro após selecionar uma cor na paleta, faz com que o pixel seja preenchido com a cor selecionada.",
          "fullFile": "",
          "file": "",
          "beforeHooks": [],
          "afterHooks": [],
          "tests": [
            {
              "title": "Verifica se ao carregar a página deve ser possível pintar os pixels de preto",
              "fullTitle": "8 - Clicar em um pixel dentro do quadro após selecionar uma cor na paleta, faz com que o pixel seja preenchido com a cor selecionada. Verifica se ao carregar a página deve ser possível pintar os pixels de preto",
              "timedOut": null,
              "duration": 4264,
              "state": "failed",
              "speed": null,
              "pass": false,
              "fail": true,
              "pending": false,
              "context": null,
              "code": "cy.get('.pixel').each(function (pixel) {\n  cy.wrap(pixel).click().should('have.css', 'background-color', BLACK);\n});",
              "err": {
                "message": "CypressError: Timed out retrying: Expected to find element: '.pixel', but never found it.",
                "estack": "CypressError: Timed out retrying: Expected to find element: '.pixel', but never found it.\n    at cypressErr (http://localhost:34461/__cypress/runner/cypress_runner.js:149934:9)\n    at throwErr (http://localhost:34461/__cypress/runner/cypress_runner.js:149867:11)\n    at Object.throwErrByPath (http://localhost:34461/__cypress/runner/cypress_runner.js:149915:3)\n    at retry (http://localhost:34461/__cypress/runner/cypress_runner.js:144197:19)\n    at onFailFn (http://localhost:34461/__cypress/runner/cypress_runner.js:132448:16)\n    at tryCatcher (http://localhost:34461/__cypress/runner/cypress_runner.js:167415:23)\n    at Promise._settlePromiseFromHandler (http://localhost:34461/__cypress/runner/cypress_runner.js:165351:31)\n    at Promise._settlePromise (http://localhost:34461/__cypress/runner/cypress_runner.js:165408:18)\n    at Promise._settlePromise0 (http://localhost:34461/__cypress/runner/cypress_runner.js:165453:10)\n    at Promise._settlePromises (http://localhost:34461/__cypress/runner/cypress_runner.js:165528:18)\n    at Async../node_modules/bluebird/js/release/async.js.Async._drainQueue (http://localhost:34461/__cypress/runner/cypress_runner.js:162140:16)\n    at Async../node_modules/bluebird/js/release/async.js.Async._drainQueues (http://localhost:34461/__cypress/runner/cypress_runner.js:162150:10)\n    at Async.drainQueues (http://localhost:34461/__cypress/runner/cypress_runner.js:162024:14)",
                "diff": null
              },
              "uuid": "634e7e6f-151e-4a31-b784-f63832f30890",
              "parentUUID": "8e37db24-933e-4271-9dbd-c3f3fd9a198a",
              "isHook": false,
              "skipped": false
            },
            {
              "title": "Verifica se após selecionar uma outra cor na paleta, é possível pintar os pixels com essa cor",
              "fullTitle": "8 - Clicar em um pixel dentro do quadro após selecionar uma cor na paleta, faz com que o pixel seja preenchido com a cor selecionada. Verifica se após selecionar uma outra cor na paleta, é possível pintar os pixels com essa cor",
              "timedOut": null,
              "duration": 4257,
              "state": "failed",
              "speed": null,
              "pass": false,
              "fail": true,
              "pending": false,
              "context": null,
              "code": "cy.get('.color').each(function (color) {\n  var backgroundColor = color.css('background-color');\n  cy.wrap(color).click();\n  cy.get('.pixel').each(function (pixel) {\n    cy.wrap(pixel).click().should('have.css', 'background-color', backgroundColor);\n  });\n});",
              "err": {
                "message": "CypressError: Timed out retrying: Expected to find element: '.color', but never found it.",
                "estack": "CypressError: Timed out retrying: Expected to find element: '.color', but never found it.\n    at cypressErr (http://localhost:34461/__cypress/runner/cypress_runner.js:149934:9)\n    at throwErr (http://localhost:34461/__cypress/runner/cypress_runner.js:149867:11)\n    at Object.throwErrByPath (http://localhost:34461/__cypress/runner/cypress_runner.js:149915:3)\n    at retry (http://localhost:34461/__cypress/runner/cypress_runner.js:144197:19)\n    at onFailFn (http://localhost:34461/__cypress/runner/cypress_runner.js:132448:16)\n    at tryCatcher (http://localhost:34461/__cypress/runner/cypress_runner.js:167415:23)\n    at Promise._settlePromiseFromHandler (http://localhost:34461/__cypress/runner/cypress_runner.js:165351:31)\n    at Promise._settlePromise (http://localhost:34461/__cypress/runner/cypress_runner.js:165408:18)\n    at Promise._settlePromise0 (http://localhost:34461/__cypress/runner/cypress_runner.js:165453:10)\n    at Promise._settlePromises (http://localhost:34461/__cypress/runner/cypress_runner.js:165528:18)\n    at Async../node_modules/bluebird/js/release/async.js.Async._drainQueue (http://localhost:34461/__cypress/runner/cypress_runner.js:162140:16)\n    at Async../node_modules/bluebird/js/release/async.js.Async._drainQueues (http://localhost:34461/__cypress/runner/cypress_runner.js:162150:10)\n    at Async.drainQueues (http://localhost:34461/__cypress/runner/cypress_runner.js:162024:14)",
                "diff": null
              },
              "uuid": "2b209864-13b3-407b-a7f5-5f247a33cc5f",
              "parentUUID": "8e37db24-933e-4271-9dbd-c3f3fd9a198a",
              "isHook": false,
              "skipped": false
            },
            {
              "title": "Verifica se somente o pixel que foi clicado foi preenchido com a cor selecionada, sem influenciar na cor dos demais pixels.",
              "fullTitle": "8 - Clicar em um pixel dentro do quadro após selecionar uma cor na paleta, faz com que o pixel seja preenchido com a cor selecionada. Verifica se somente o pixel que foi clicado foi preenchido com a cor selecionada, sem influenciar na cor dos demais pixels.",
              "timedOut": null,
              "duration": 4265,
              "state": "failed",
              "speed": null,
              "pass": false,
              "fail": true,
              "pending": false,
              "context": null,
              "code": "var colorToPixelIndexMap = {\n  0: 6,\n  1: 8,\n  2: 16,\n  3: 18\n};\ncy.get('.color').each(function (color, index) {\n  cy.wrap(color).click();\n  var backgroundColor = color.css('background-color');\n  var clickedPixelIndex = colorToPixelIndexMap[index];\n  cy.get('.pixel').eq(clickedPixelIndex).click();\n  cy.get('.pixel').eq(clickedPixelIndex - 1).should('not.have.css', 'background-color', backgroundColor);\n  cy.get('.pixel').eq(clickedPixelIndex + 1).should('not.have.css', 'background-color', backgroundColor);\n  cy.get('.pixel').eq(clickedPixelIndex - 5).should('not.have.css', 'background-color', backgroundColor);\n  cy.get('.pixel').eq(clickedPixelIndex + 5).should('not.have.css', 'background-color', backgroundColor);\n  cy.get('.pixel').eq(clickedPixelIndex - 6).should('not.have.css', 'background-color', backgroundColor);\n  cy.get('.pixel').eq(clickedPixelIndex - 4).should('not.have.css', 'background-color', backgroundColor);\n  cy.get('.pixel').eq(clickedPixelIndex + 4).should('not.have.css', 'background-color', backgroundColor);\n  cy.get('.pixel').eq(clickedPixelIndex + 6).should('not.have.css', 'background-color', backgroundColor);\n});",
              "err": {
                "message": "CypressError: Timed out retrying: Expected to find element: '.color', but never found it.",
                "estack": "CypressError: Timed out retrying: Expected to find element: '.color', but never found it.\n    at cypressErr (http://localhost:34461/__cypress/runner/cypress_runner.js:149934:9)\n    at throwErr (http://localhost:34461/__cypress/runner/cypress_runner.js:149867:11)\n    at Object.throwErrByPath (http://localhost:34461/__cypress/runner/cypress_runner.js:149915:3)\n    at retry (http://localhost:34461/__cypress/runner/cypress_runner.js:144197:19)\n    at onFailFn (http://localhost:34461/__cypress/runner/cypress_runner.js:132448:16)\n    at tryCatcher (http://localhost:34461/__cypress/runner/cypress_runner.js:167415:23)\n    at Promise._settlePromiseFromHandler (http://localhost:34461/__cypress/runner/cypress_runner.js:165351:31)\n    at Promise._settlePromise (http://localhost:34461/__cypress/runner/cypress_runner.js:165408:18)\n    at Promise._settlePromise0 (http://localhost:34461/__cypress/runner/cypress_runner.js:165453:10)\n    at Promise._settlePromises (http://localhost:34461/__cypress/runner/cypress_runner.js:165528:18)\n    at Async../node_modules/bluebird/js/release/async.js.Async._drainQueue (http://localhost:34461/__cypress/runner/cypress_runner.js:162140:16)\n    at Async../node_modules/bluebird/js/release/async.js.Async._drainQueues (http://localhost:34461/__cypress/runner/cypress_runner.js:162150:10)\n    at Async.drainQueues (http://localhost:34461/__cypress/runner/cypress_runner.js:162024:14)",
                "diff": null
              },
              "uuid": "4408af0f-1968-4dcd-8e19-b160cb502e5d",
              "parentUUID": "8e37db24-933e-4271-9dbd-c3f3fd9a198a",
              "isHook": false,
              "skipped": false
            }
          ],
          "suites": [],
          "passes": [],
          "failures": [
            "634e7e6f-151e-4a31-b784-f63832f30890",
            "2b209864-13b3-407b-a7f5-5f247a33cc5f",
            "4408af0f-1968-4dcd-8e19-b160cb502e5d"
          ],
          "pending": [],
          "skipped": [],
          "duration": 12786,
          "root": false,
          "rootEmpty": false,
          "_timeout": 2000
        },
        {
          "uuid": "a429a9e3-e82c-4873-811c-0e772b96434e",
          "title": "9 - Crie um botão que, ao ser clicado, limpa o quadro preenchendo a cor de todos seus pixels com branco.",
          "fullFile": "",
          "file": "",
          "beforeHooks": [],
          "afterHooks": [],
          "tests": [
            {
              "title": "Verifica se o botão tem o `id` denominado `clear-board`",
              "fullTitle": "9 - Crie um botão que, ao ser clicado, limpa o quadro preenchendo a cor de todos seus pixels com branco. Verifica se o botão tem o `id` denominado `clear-board`",
              "timedOut": null,
              "duration": 4259,
              "state": "failed",
              "speed": null,
              "pass": false,
              "fail": true,
              "pending": false,
              "context": null,
              "code": "cy.get('#clear-board').should('be.visible');",
              "err": {
                "message": "CypressError: Timed out retrying: Expected to find element: '#clear-board', but never found it.",
                "estack": "CypressError: Timed out retrying: Expected to find element: '#clear-board', but never found it.\n    at cypressErr (http://localhost:34461/__cypress/runner/cypress_runner.js:149934:9)\n    at throwErr (http://localhost:34461/__cypress/runner/cypress_runner.js:149867:11)\n    at Object.throwErrByPath (http://localhost:34461/__cypress/runner/cypress_runner.js:149915:3)\n    at retry (http://localhost:34461/__cypress/runner/cypress_runner.js:144197:19)\n    at onFailFn (http://localhost:34461/__cypress/runner/cypress_runner.js:132448:16)\n    at tryCatcher (http://localhost:34461/__cypress/runner/cypress_runner.js:167415:23)\n    at Promise._settlePromiseFromHandler (http://localhost:34461/__cypress/runner/cypress_runner.js:165351:31)\n    at Promise._settlePromise (http://localhost:34461/__cypress/runner/cypress_runner.js:165408:18)\n    at Promise._settlePromise0 (http://localhost:34461/__cypress/runner/cypress_runner.js:165453:10)\n    at Promise._settlePromises (http://localhost:34461/__cypress/runner/cypress_runner.js:165528:18)\n    at Async../node_modules/bluebird/js/release/async.js.Async._drainQueue (http://localhost:34461/__cypress/runner/cypress_runner.js:162140:16)\n    at Async../node_modules/bluebird/js/release/async.js.Async._drainQueues (http://localhost:34461/__cypress/runner/cypress_runner.js:162150:10)\n    at Async.drainQueues (http://localhost:34461/__cypress/runner/cypress_runner.js:162024:14)",
                "diff": null
              },
              "uuid": "b8b06919-35b1-455c-8964-11c4f8697c62",
              "parentUUID": "a429a9e3-e82c-4873-811c-0e772b96434e",
              "isHook": false,
              "skipped": false
            },
            {
              "title": "Verifica se o botão está posicionado entre a paleta de cores e o quadro de pixels",
              "fullTitle": "9 - Crie um botão que, ao ser clicado, limpa o quadro preenchendo a cor de todos seus pixels com branco. Verifica se o botão está posicionado entre a paleta de cores e o quadro de pixels",
              "timedOut": null,
              "duration": 4259,
              "state": "failed",
              "speed": null,
              "pass": false,
              "fail": true,
              "pending": false,
              "context": null,
              "code": "cy.get('#color-palette').then(function (palette) {\n  cy.get('#clear-board').should('be.belowOf', palette);\n});\ncy.get('#clear-board').then(function (clearBtn) {\n  cy.get('#pixel-board').should('be.belowOf', clearBtn);\n});",
              "err": {
                "message": "CypressError: Timed out retrying: Expected to find element: '#color-palette', but never found it.",
                "estack": "CypressError: Timed out retrying: Expected to find element: '#color-palette', but never found it.\n    at cypressErr (http://localhost:34461/__cypress/runner/cypress_runner.js:149934:9)\n    at throwErr (http://localhost:34461/__cypress/runner/cypress_runner.js:149867:11)\n    at Object.throwErrByPath (http://localhost:34461/__cypress/runner/cypress_runner.js:149915:3)\n    at retry (http://localhost:34461/__cypress/runner/cypress_runner.js:144197:19)\n    at onFailFn (http://localhost:34461/__cypress/runner/cypress_runner.js:132448:16)\n    at tryCatcher (http://localhost:34461/__cypress/runner/cypress_runner.js:167415:23)\n    at Promise._settlePromiseFromHandler (http://localhost:34461/__cypress/runner/cypress_runner.js:165351:31)\n    at Promise._settlePromise (http://localhost:34461/__cypress/runner/cypress_runner.js:165408:18)\n    at Promise._settlePromise0 (http://localhost:34461/__cypress/runner/cypress_runner.js:165453:10)\n    at Promise._settlePromises (http://localhost:34461/__cypress/runner/cypress_runner.js:165528:18)\n    at Async../node_modules/bluebird/js/release/async.js.Async._drainQueue (http://localhost:34461/__cypress/runner/cypress_runner.js:162140:16)\n    at Async../node_modules/bluebird/js/release/async.js.Async._drainQueues (http://localhost:34461/__cypress/runner/cypress_runner.js:162150:10)\n    at Async.drainQueues (http://localhost:34461/__cypress/runner/cypress_runner.js:162024:14)",
                "diff": null
              },
              "uuid": "db75e14e-f99c-4e8e-bfdc-ae56dc4d384c",
              "parentUUID": "a429a9e3-e82c-4873-811c-0e772b96434e",
              "isHook": false,
              "skipped": false
            },
            {
              "title": "Verifica se o texto do botão é 'Limpar'",
              "fullTitle": "9 - Crie um botão que, ao ser clicado, limpa o quadro preenchendo a cor de todos seus pixels com branco. Verifica se o texto do botão é 'Limpar'",
              "timedOut": null,
              "duration": 4308,
              "state": "failed",
              "speed": null,
              "pass": false,
              "fail": true,
              "pending": false,
              "context": null,
              "code": "cy.get('#clear-board').should('contain.text', 'Limpar');",
              "err": {
                "message": "CypressError: Timed out retrying: Expected to find element: '#clear-board', but never found it.",
                "estack": "CypressError: Timed out retrying: Expected to find element: '#clear-board', but never found it.\n    at cypressErr (http://localhost:34461/__cypress/runner/cypress_runner.js:149934:9)\n    at throwErr (http://localhost:34461/__cypress/runner/cypress_runner.js:149867:11)\n    at Object.throwErrByPath (http://localhost:34461/__cypress/runner/cypress_runner.js:149915:3)\n    at retry (http://localhost:34461/__cypress/runner/cypress_runner.js:144197:19)\n    at onFailFn (http://localhost:34461/__cypress/runner/cypress_runner.js:132448:16)\n    at tryCatcher (http://localhost:34461/__cypress/runner/cypress_runner.js:167415:23)\n    at Promise._settlePromiseFromHandler (http://localhost:34461/__cypress/runner/cypress_runner.js:165351:31)\n    at Promise._settlePromise (http://localhost:34461/__cypress/runner/cypress_runner.js:165408:18)\n    at Promise._settlePromise0 (http://localhost:34461/__cypress/runner/cypress_runner.js:165453:10)\n    at Promise._settlePromises (http://localhost:34461/__cypress/runner/cypress_runner.js:165528:18)\n    at Async../node_modules/bluebird/js/release/async.js.Async._drainQueue (http://localhost:34461/__cypress/runner/cypress_runner.js:162140:16)\n    at Async../node_modules/bluebird/js/release/async.js.Async._drainQueues (http://localhost:34461/__cypress/runner/cypress_runner.js:162150:10)\n    at Async.drainQueues (http://localhost:34461/__cypress/runner/cypress_runner.js:162024:14)",
                "diff": null
              },
              "uuid": "6ccacfae-7241-4abf-8e08-65b5d21c964d",
              "parentUUID": "a429a9e3-e82c-4873-811c-0e772b96434e",
              "isHook": false,
              "skipped": false
            },
            {
              "title": "Verifica se ao clicar no botão, o quadro de pixels é totalmente preenchido de branco",
              "fullTitle": "9 - Crie um botão que, ao ser clicado, limpa o quadro preenchendo a cor de todos seus pixels com branco. Verifica se ao clicar no botão, o quadro de pixels é totalmente preenchido de branco",
              "timedOut": null,
              "duration": 4292,
              "state": "failed",
              "speed": null,
              "pass": false,
              "fail": true,
              "pending": false,
              "context": null,
              "code": "cy.get('.color').eq(1).then(function (color) {\n  var backgroundColor = color.css('background-color');\n  cy.wrap(color).click();\n  cy.get('.pixel').each(function (pixel) {\n    cy.wrap(pixel).click().should('have.css', 'background-color', backgroundColor);\n  });\n});\ncy.get('#clear-board').click();\ncy.get('.pixel').each(function (pixel) {\n  cy.wrap(pixel).should('have.css', 'background-color', WHITE);\n});",
              "err": {
                "message": "CypressError: Timed out retrying: Expected to find element: '.color', but never found it.",
                "estack": "CypressError: Timed out retrying: Expected to find element: '.color', but never found it.\n    at cypressErr (http://localhost:34461/__cypress/runner/cypress_runner.js:149934:9)\n    at throwErr (http://localhost:34461/__cypress/runner/cypress_runner.js:149867:11)\n    at Object.throwErrByPath (http://localhost:34461/__cypress/runner/cypress_runner.js:149915:3)\n    at retry (http://localhost:34461/__cypress/runner/cypress_runner.js:144197:19)\n    at onFailFn (http://localhost:34461/__cypress/runner/cypress_runner.js:132448:16)\n    at tryCatcher (http://localhost:34461/__cypress/runner/cypress_runner.js:167415:23)\n    at Promise._settlePromiseFromHandler (http://localhost:34461/__cypress/runner/cypress_runner.js:165351:31)\n    at Promise._settlePromise (http://localhost:34461/__cypress/runner/cypress_runner.js:165408:18)\n    at Promise._settlePromise0 (http://localhost:34461/__cypress/runner/cypress_runner.js:165453:10)\n    at Promise._settlePromises (http://localhost:34461/__cypress/runner/cypress_runner.js:165528:18)\n    at Async../node_modules/bluebird/js/release/async.js.Async._drainQueue (http://localhost:34461/__cypress/runner/cypress_runner.js:162140:16)\n    at Async../node_modules/bluebird/js/release/async.js.Async._drainQueues (http://localhost:34461/__cypress/runner/cypress_runner.js:162150:10)\n    at Async.drainQueues (http://localhost:34461/__cypress/runner/cypress_runner.js:162024:14)",
                "diff": null
              },
              "uuid": "c87a9eb7-959b-4371-981d-32d3bbf46dc7",
              "parentUUID": "a429a9e3-e82c-4873-811c-0e772b96434e",
              "isHook": false,
              "skipped": false
            }
          ],
          "suites": [],
          "passes": [],
          "failures": [
            "b8b06919-35b1-455c-8964-11c4f8697c62",
            "db75e14e-f99c-4e8e-bfdc-ae56dc4d384c",
            "6ccacfae-7241-4abf-8e08-65b5d21c964d",
            "c87a9eb7-959b-4371-981d-32d3bbf46dc7"
          ],
[...]
                "diff": null
              },
              "uuid": "4593a24e-fcfd-4f75-a680-7f25dfcb0fd3",
              "parentUUID": "9c01e23e-fd92-4315-81f1-3d645a23ea15",
              "isHook": false,
              "skipped": false
            },
            {
              "title": "Verifica se o novo quadro tem todos os pixels preenchidos com a cor branca",
              "fullTitle": "10 - Faça o quadro de pixels ter seu tamanho definido pelo usuário. Verifica se o novo quadro tem todos os pixels preenchidos com a cor branca",
              "timedOut": null,
              "duration": 4299,
              "state": "failed",
              "speed": null,
              "pass": false,
              "fail": true,
              "pending": false,
              "context": null,
              "code": "cy.get('#board-size').clear().type(6);\ncy.get('#generate-board').click();\ncy.get('.pixel').should('have.length', 36).each(function (pixel) {\n  expect(pixel).to.have.css('background-color', WHITE);\n});",
              "err": {
                "message": "CypressError: Timed out retrying: Expected to find element: '#board-size', but never found it.",
                "estack": "CypressError: Timed out retrying: Expected to find element: '#board-size', but never found it.\n    at cypressErr (http://localhost:34461/__cypress/runner/cypress_runner.js:149934:9)\n    at throwErr (http://localhost:34461/__cypress/runner/cypress_runner.js:149867:11)\n    at Object.throwErrByPath (http://localhost:34461/__cypress/runner/cypress_runner.js:149915:3)\n    at retry (http://localhost:34461/__cypress/runner/cypress_runner.js:144197:19)\n    at onFailFn (http://localhost:34461/__cypress/runner/cypress_runner.js:132448:16)\n    at tryCatcher (http://localhost:34461/__cypress/runner/cypress_runner.js:167415:23)\n    at Promise._settlePromiseFromHandler (http://localhost:34461/__cypress/runner/cypress_runner.js:165351:31)\n    at Promise._settlePromise (http://localhost:34461/__cypress/runner/cypress_runner.js:165408:18)\n    at Promise._settlePromise0 (http://localhost:34461/__cypress/runner/cypress_runner.js:165453:10)\n    at Promise._settlePromises (http://localhost:34461/__cypress/runner/cypress_runner.js:165528:18)\n    at Async../node_modules/bluebird/js/release/async.js.Async._drainQueue (http://localhost:34461/__cypress/runner/cypress_runner.js:162140:16)\n    at Async../node_modules/bluebird/js/release/async.js.Async._drainQueues (http://localhost:34461/__cypress/runner/cypress_runner.js:162150:10)\n    at Async.drainQueues (http://localhost:34461/__cypress/runner/cypress_runner.js:162024:14)",
                "diff": null
              },
              "uuid": "6b689240-6152-4ffd-afb6-371a4f60129d",
              "parentUUID": "9c01e23e-fd92-4315-81f1-3d645a23ea15",
              "isHook": false,
              "skipped": false
            }
          ],
          "suites": [],
          "passes": [],
          "failures": [
            "313859f9-22dc-4191-9344-611eaae657d4",
            "c5aa1e77-6c32-4c26-9755-93ee26c25cc8",
            "591268b0-d28f-40df-a542-64a890c07ac2",
            "5ad20b7c-a05d-4144-9bf3-3e560c1bc8a8",
            "70cbdc2e-508a-4e65-ab7b-51dde8a35894",
            "2a1d808a-db34-499f-8ebd-b4b6e8143825",
            "764429e2-4fcf-4df9-a8fb-ebff97e123c8",
            "4593a24e-fcfd-4f75-a680-7f25dfcb0fd3",
            "6b689240-6152-4ffd-afb6-371a4f60129d"
          ],
          "pending": [],
          "skipped": [],
          "duration": 38521,
          "root": false,
          "rootEmpty": false,
          "_timeout": 2000
        },
        {
          "uuid": "789edb92-002f-44bb-95dd-51f36952370f",
          "title": "11 - Limite o tamanho mínimo e máximo do board.",
          "fullFile": "",
          "file": "",
          "beforeHooks": [],
          "afterHooks": [],
          "tests": [
            {
              "title": "Verifica se a altura máxima do board é 50",
              "fullTitle": "11 - Limite o tamanho mínimo e máximo do board. Verifica se a altura máxima do board é 50",
              "timedOut": null,
              "duration": 4295,
              "state": "failed",
              "speed": null,
              "pass": false,
              "fail": true,
              "pending": false,
              "context": null,
              "code": "cy.get('#board-size').clear().type(50);\ncy.get('#generate-board').click();\ncy.get('.pixel').should('have.length', 2500);",
              "err": {
                "message": "CypressError: Timed out retrying: Expected to find element: '#board-size', but never found it.",
                "estack": "CypressError: Timed out retrying: Expected to find element: '#board-size', but never found it.\n    at cypressErr (http://localhost:34461/__cypress/runner/cypress_runner.js:149934:9)\n    at throwErr (http://localhost:34461/__cypress/runner/cypress_runner.js:149867:11)\n    at Object.throwErrByPath (http://localhost:34461/__cypress/runner/cypress_runner.js:149915:3)\n    at retry (http://localhost:34461/__cypress/runner/cypress_runner.js:144197:19)\n    at onFailFn (http://localhost:34461/__cypress/runner/cypress_runner.js:132448:16)\n    at tryCatcher (http://localhost:34461/__cypress/runner/cypress_runner.js:167415:23)\n    at Promise._settlePromiseFromHandler (http://localhost:34461/__cypress/runner/cypress_runner.js:165351:31)\n    at Promise._settlePromise (http://localhost:34461/__cypress/runner/cypress_runner.js:165408:18)\n    at Promise._settlePromise0 (http://localhost:34461/__cypress/runner/cypress_runner.js:165453:10)\n    at Promise._settlePromises (http://localhost:34461/__cypress/runner/cypress_runner.js:165528:18)\n    at Async../node_modules/bluebird/js/release/async.js.Async._drainQueue (http://localhost:34461/__cypress/runner/cypress_runner.js:162140:16)\n    at Async../node_modules/bluebird/js/release/async.js.Async._drainQueues (http://localhost:34461/__cypress/runner/cypress_runner.js:162150:10)\n    at Async.drainQueues (http://localhost:34461/__cypress/runner/cypress_runner.js:162024:14)",
                "diff": null
              },
              "uuid": "bd782807-7224-4f70-a009-245e1fa9203e",
              "parentUUID": "789edb92-002f-44bb-95dd-51f36952370f",
              "isHook": false,
              "skipped": false
            },
            {
              "title": "Verifica se a altura do board é 5 quando um valor menor é colocado no input",
              "fullTitle": "11 - Limite o tamanho mínimo e máximo do board. Verifica se a altura do board é 5 quando um valor menor é colocado no input",
              "timedOut": null,
              "duration": 4284,
              "state": "failed",
              "speed": null,
              "pass": false,
              "fail": true,
              "pending": false,
              "context": null,
              "code": "cy.get('#board-size').clear().type(4);\ncy.get('#generate-board').click();\ncy.get('.pixel').should('have.length', 25);",
              "err": {
                "message": "CypressError: Timed out retrying: Expected to find element: '#board-size', but never found it.",
                "estack": "CypressError: Timed out retrying: Expected to find element: '#board-size', but never found it.\n    at cypressErr (http://localhost:34461/__cypress/runner/cypress_runner.js:149934:9)\n    at throwErr (http://localhost:34461/__cypress/runner/cypress_runner.js:149867:11)\n    at Object.throwErrByPath (http://localhost:34461/__cypress/runner/cypress_runner.js:149915:3)\n    at retry (http://localhost:34461/__cypress/runner/cypress_runner.js:144197:19)\n    at onFailFn (http://localhost:34461/__cypress/runner/cypress_runner.js:132448:16)\n    at tryCatcher (http://localhost:34461/__cypress/runner/cypress_runner.js:167415:23)\n    at Promise._settlePromiseFromHandler (http://localhost:34461/__cypress/runner/cypress_runner.js:165351:31)\n    at Promise._settlePromise (http://localhost:34461/__cypress/runner/cypress_runner.js:165408:18)\n    at Promise._settlePromise0 (http://localhost:34461/__cypress/runner/cypress_runner.js:165453:10)\n    at Promise._settlePromises (http://localhost:34461/__cypress/runner/cypress_runner.js:165528:18)\n    at Async../node_modules/bluebird/js/release/async.js.Async._drainQueue (http://localhost:34461/__cypress/runner/cypress_runner.js:162140:16)\n    at Async../node_modules/bluebird/js/release/async.js.Async._drainQueues (http://localhost:34461/__cypress/runner/cypress_runner.js:162150:10)\n    at Async.drainQueues (http://localhost:34461/__cypress/runner/cypress_runner.js:162024:14)",
                "diff": null
              },
              "uuid": "ec24ba8b-6df4-4727-a118-4537ce2d957f",
              "parentUUID": "789edb92-002f-44bb-95dd-51f36952370f",
              "isHook": false,
              "skipped": false
            },
            {
              "title": "Verifica se a altura do board é 50 quando um valor maior é colocado no input",
              "fullTitle": "11 - Limite o tamanho mínimo e máximo do board. Verifica se a altura do board é 50 quando um valor maior é colocado no input",
              "timedOut": null,
              "duration": 4294,
              "state": "failed",
              "speed": null,
              "pass": false,
              "fail": true,
              "pending": false,
              "context": null,
              "code": "cy.get('#board-size').clear().type(51);\ncy.get('#generate-board').click();\ncy.get('.pixel').should('have.length', 2500);",
              "err": {
                "message": "CypressError: Timed out retrying: Expected to find element: '#board-size', but never found it.",
                "estack": "CypressError: Timed out retrying: Expected to find element: '#board-size', but never found it.\n    at cypressErr (http://localhost:34461/__cypress/runner/cypress_runner.js:149934:9)\n    at throwErr (http://localhost:34461/__cypress/runner/cypress_runner.js:149867:11)\n    at Object.throwErrByPath (http://localhost:34461/__cypress/runner/cypress_runner.js:149915:3)\n    at retry (http://localhost:34461/__cypress/runner/cypress_runner.js:144197:19)\n    at onFailFn (http://localhost:34461/__cypress/runner/cypress_runner.js:132448:16)\n    at tryCatcher (http://localhost:34461/__cypress/runner/cypress_runner.js:167415:23)\n    at Promise._settlePromiseFromHandler (http://localhost:34461/__cypress/runner/cypress_runner.js:165351:31)\n    at Promise._settlePromise (http://localhost:34461/__cypress/runner/cypress_runner.js:165408:18)\n    at Promise._settlePromise0 (http://localhost:34461/__cypress/runner/cypress_runner.js:165453:10)\n    at Promise._settlePromises (http://localhost:34461/__cypress/runner/cypress_runner.js:165528:18)\n    at Async../node_modules/bluebird/js/release/async.js.Async._drainQueue (http://localhost:34461/__cypress/runner/cypress_runner.js:162140:16)\n    at Async../node_modules/bluebird/js/release/async.js.Async._drainQueues (http://localhost:34461/__cypress/runner/cypress_runner.js:162150:10)\n    at Async.drainQueues (http://localhost:34461/__cypress/runner/cypress_runner.js:162024:14)",
                "diff": null
              },
              "uuid": "622374b5-bfee-4e85-bcda-bb4a23d92e69",
              "parentUUID": "789edb92-002f-44bb-95dd-51f36952370f",
              "isHook": false,
              "skipped": false
            }
          ],
          "suites": [],
          "passes": [],
          "failures": [
            "bd782807-7224-4f70-a009-245e1fa9203e",
            "ec24ba8b-6df4-4727-a118-4537ce2d957f",
            "622374b5-bfee-4e85-bcda-bb4a23d92e69"
          ],
          "pending": [],
          "skipped": [],
          "duration": 12873,
          "root": false,
          "rootEmpty": false,
          "_timeout": 2000
        },
        {
          "uuid": "cc4cc59b-8278-45c5-a0dc-919d9c9559e0",
          "title": "12 - Faça com que as cores da paleta sejam geradas aleatoriamente ao carregar a página.",
          "fullFile": "",
          "file": "",
          "beforeHooks": [],
          "afterHooks": [],
          "tests": [
            {
              "title": "Verifica se as cores geradas na paleta são diferentes a cada carregamento da página",
              "fullTitle": "12 - Faça com que as cores da paleta sejam geradas aleatoriamente ao carregar a página. Verifica se as cores geradas na paleta são diferentes a cada carregamento da página",
              "timedOut": null,
              "duration": 4299,
              "state": "failed",
              "speed": null,
              "pass": false,
              "fail": true,
              "pending": false,
              "context": null,
              "code": "cy.get('.color').then(function (colors) {\n  var currentColors;\n  var previousColors;\n  previousColors = Array.from(colors).map(function (color) {\n    return Cypress.$(color).css('background-color');\n  });\n  for (var i = 0; i < 5; i += 1) {\n    cy.reload();\n    cy.get('.color').then(function (colors) {\n      currentColors = Array.from(colors).map(function (color) {\n        return Cypress.$(color).css('background-color');\n      });\n      expect(currentColors).not.to.deep.equal(previousColors);\n      previousColors = currentColors;\n    });\n  }\n});",
              "err": {
                "message": "CypressError: Timed out retrying: Expected to find element: '.color', but never found it.",
                "estack": "CypressError: Timed out retrying: Expected to find element: '.color', but never found it.\n    at cypressErr (http://localhost:34461/__cypress/runner/cypress_runner.js:149934:9)\n    at throwErr (http://localhost:34461/__cypress/runner/cypress_runner.js:149867:11)\n    at Object.throwErrByPath (http://localhost:34461/__cypress/runner/cypress_runner.js:149915:3)\n    at retry (http://localhost:34461/__cypress/runner/cypress_runner.js:144197:19)\n    at onFailFn (http://localhost:34461/__cypress/runner/cypress_runner.js:132448:16)\n    at tryCatcher (http://localhost:34461/__cypress/runner/cypress_runner.js:167415:23)\n    at Promise._settlePromiseFromHandler (http://localhost:34461/__cypress/runner/cypress_runner.js:165351:31)\n    at Promise._settlePromise (http://localhost:34461/__cypress/runner/cypress_runner.js:165408:18)\n    at Promise._settlePromise0 (http://localhost:34461/__cypress/runner/cypress_runner.js:165453:10)\n    at Promise._settlePromises (http://localhost:34461/__cypress/runner/cypress_runner.js:165528:18)\n    at Async../node_modules/bluebird/js/release/async.js.Async._drainQueue (http://localhost:34461/__cypress/runner/cypress_runner.js:162140:16)\n    at Async../node_modules/bluebird/js/release/async.js.Async._drainQueues (http://localhost:34461/__cypress/runner/cypress_runner.js:162150:10)\n    at Async.drainQueues (http://localhost:34461/__cypress/runner/cypress_runner.js:162024:14)",
                "diff": null
              },
              "uuid": "4edad84a-321c-4f94-a4ae-5d3fd1ecace0",
              "parentUUID": "cc4cc59b-8278-45c5-a0dc-919d9c9559e0",
              "isHook": false,
              "skipped": false
            },
            {
              "title": "Verifica se a cor preta ainda está presente e é a primeira na sua paleta de cores",
              "fullTitle": "12 - Faça com que as cores da paleta sejam geradas aleatoriamente ao carregar a página. Verifica se a cor preta ainda está presente e é a primeira na sua paleta de cores",
              "timedOut": null,
              "duration": 4333,
              "state": "failed",
              "speed": null,
              "pass": false,
              "fail": true,
              "pending": false,
              "context": null,
              "code": "cy.get('.color').then(function (colors) {\n  var currentColors;\n  var previousColors;\n  previousColors = Array.from(colors).map(function (color) {\n    return Cypress.$(color).css('background-color');\n  });\n  expect(previousColors[0]).to.eq(BLACK);\n  for (var i = 0; i < 5; i += 1) {\n    cy.reload();\n    cy.get('.color').then(function (colors) {\n      currentColors = Array.from(colors).map(function (color) {\n        return Cypress.$(color).css('background-color');\n      });\n      expect(currentColors[0]).to.eq(BLACK);\n      expect(currentColors).not.to.deep.equal(previousColors);\n      previousColors = currentColors;\n    });\n  }\n});",
              "err": {
                "message": "CypressError: Timed out retrying: Expected to find element: '.color', but never found it.",
                "estack": "CypressError: Timed out retrying: Expected to find element: '.color', but never found it.\n    at cypressErr (http://localhost:34461/__cypress/runner/cypress_runner.js:149934:9)\n    at throwErr (http://localhost:34461/__cypress/runner/cypress_runner.js:149867:11)\n    at Object.throwErrByPath (http://localhost:34461/__cypress/runner/cypress_runner.js:149915:3)\n    at retry (http://localhost:34461/__cypress/runner/cypress_runner.js:144197:19)\n    at onFailFn (http://localhost:34461/__cypress/runner/cypress_runner.js:132448:16)\n    at tryCatcher (http://localhost:34461/__cypress/runner/cypress_runner.js:167415:23)\n    at Promise._settlePromiseFromHandler (http://localhost:34461/__cypress/runner/cypress_runner.js:165351:31)\n    at Promise._settlePromise (http://localhost:34461/__cypress/runner/cypress_runner.js:165408:18)\n    at Promise._settlePromise0 (http://localhost:34461/__cypress/runner/cypress_runner.js:165453:10)\n    at Promise._settlePromises (http://localhost:34461/__cypress/runner/cypress_runner.js:165528:18)\n    at Async../node_modules/bluebird/js/release/async.js.Async._drainQueue (http://localhost:34461/__cypress/runner/cypress_runner.js:162140:16)\n    at Async../node_modules/bluebird/js/release/async.js.Async._drainQueues (http://localhost:34461/__cypress/runner/cypress_runner.js:162150:10)\n    at Async.drainQueues (http://localhost:34461/__cypress/runner/cypress_runner.js:162024:14)",
                "diff": null
              },
              "uuid": "e638b67c-8d62-437c-96f5-fa1ff0b35f65",
              "parentUUID": "cc4cc59b-8278-45c5-a0dc-919d9c9559e0",
              "isHook": false,
              "skipped": false
            }
          ],
          "suites": [],
          "passes": [],
          "failures": [
            "4edad84a-321c-4f94-a4ae-5d3fd1ecace0",
            "e638b67c-8d62-437c-96f5-fa1ff0b35f65"
          ],
          "pending": [],
          "skipped": [],
          "duration": 8632,
          "root": false,
          "rootEmpty": false,
          "_timeout": 2000
        }
      ],
      "passes": [],
      "failures": [],
      "pending": [],
      "skipped": [],
      "duration": 0,
      "root": true,
      "rootEmpty": true,
      "_timeout": 2000
    }
  ],
  "meta": {
    "mocha": {
      "version": "7.0.1"
    },
    "mochawesome": {
      "options": {
        "quiet": false,
        "reportFilename": "mochawesome",
        "saveHtml": false,
        "saveJson": true,
        "consoleReporter": "spec",
        "useInlineDiffs": false
      },
      "version": "4.1.0"
    },
    "marge": {
      "options": {
        "id": "default",
        "reportDir": "cypress/reports",
        "overwrite": true,
        "html": false,
        "json": true
      },
      "version": "4.1.0"
    }
  }
}